[PREINITIALIZATION][CLIENT][INFO] Thank you to the Patreon supporters below and others who make CraftTweaker possible!
realTIMematrix
otakup0pe
Pongo Sapiens
Peregrinus11
Genryu
Spool
Ivy_
Robijnvogel
DreamThorn
AdaraChristine
quaternary
NickT
Jonathan McManus
IDroid
BigAl607
If you want to support the mod, checkout https://patreon.com/jaredlll08?s=crtmod

[PREINITIALIZATION][CLIENT][INFO] Current loaders after merging: [[preinit]]
[PREINITIALIZATION][CLIENT][INFO] Loading scripts for loader with names [preinit]
[PREINITIALIZATION][CLIENT][INFO] [preinit | SIDE_CLIENT]: Skipping file {[0:crafttweaker]: ActuallyAdditions.zs} as we are currently loading with a different loader
[PREINITIALIZATION][CLIENT][INFO] [preinit | SIDE_CLIENT]: Skipping file {[0:crafttweaker]: ExtenderCrafting.zs} as we are currently loading with a different loader
[PREINITIALIZATION][CLIENT][INFO] [preinit | SIDE_CLIENT]: Skipping file {[0:crafttweaker]: Minecraft.zs} as we are currently loading with a different loader
[PREINITIALIZATION][CLIENT][INFO] [preinit | SIDE_CLIENT]: Skipping file {[0:crafttweaker]: SolarPanel.zs} as we are currently loading with a different loader
[PREINITIALIZATION][CLIENT][INFO] [preinit | SIDE_CLIENT]: Skipping file {[0:crafttweaker]: Thaumcraft.zs} as we are currently loading with a different loader
[PREINITIALIZATION][CLIENT][INFO] [preinit | SIDE_CLIENT]: Skipping file {[0:crafttweaker]: Torcherino.zs} as we are currently loading with a different loader
[PREINITIALIZATION][CLIENT][INFO] Completed script loading in: 1ms
[PREINITIALIZATION][CLIENT][INFO] Current loaders after merging: [[preinit], [contenttweaker]]
[PREINITIALIZATION][CLIENT][INFO] Loading scripts for loader with names [contenttweaker]
[PREINITIALIZATION][CLIENT][INFO] [contenttweaker | SIDE_CLIENT]: Skipping file {[0:crafttweaker]: ActuallyAdditions.zs} as we are currently loading with a different loader
[PREINITIALIZATION][CLIENT][INFO] [contenttweaker | SIDE_CLIENT]: Skipping file {[0:crafttweaker]: ExtenderCrafting.zs} as we are currently loading with a different loader
[PREINITIALIZATION][CLIENT][INFO] [contenttweaker | SIDE_CLIENT]: Skipping file {[0:crafttweaker]: Minecraft.zs} as we are currently loading with a different loader
[PREINITIALIZATION][CLIENT][INFO] [contenttweaker | SIDE_CLIENT]: Skipping file {[0:crafttweaker]: SolarPanel.zs} as we are currently loading with a different loader
[PREINITIALIZATION][CLIENT][INFO] [contenttweaker | SIDE_CLIENT]: Skipping file {[0:crafttweaker]: Thaumcraft.zs} as we are currently loading with a different loader
[PREINITIALIZATION][CLIENT][INFO] [contenttweaker | SIDE_CLIENT]: Skipping file {[0:crafttweaker]: Torcherino.zs} as we are currently loading with a different loader
[PREINITIALIZATION][CLIENT][INFO] Completed script loading in: 0ms
[INITIALIZATION][CLIENT][INFO] CraftTweaker: Building registry
[INITIALIZATION][CLIENT][INFO] CraftTweaker: Successfully built item registry
[INITIALIZATION][CLIENT][INFO] Current loaders after merging: [[preinit], [contenttweaker], [recipeevent | crafttweaker]]
[INITIALIZATION][CLIENT][INFO] Loading scripts for loader with names [crafttweaker | recipeevent]
[INITIALIZATION][CLIENT][INFO] [crafttweaker | SIDE_CLIENT]: Loading Script: {[0:crafttweaker]: ActuallyAdditions.zs}
[INITIALIZATION][CLIENT][INFO] [crafttweaker | SIDE_CLIENT]: Loading Script: {[0:crafttweaker]: ExtenderCrafting.zs}
[INITIALIZATION][CLIENT][INFO] Removing all Ender Crafting recipes for Эндер-звезда
[INITIALIZATION][CLIENT][INFO] Removing all Table Crafting recipes for Максимальная сингулярность
[INITIALIZATION][CLIENT][INFO] Adding a Compression Crafting recipe for Iridium Сингулярность
[INITIALIZATION][CLIENT][INFO] Adding a Compression Crafting recipe for Enderium Сингулярность
[INITIALIZATION][CLIENT][INFO] Adding an Ender Crafting recipe for Эндер-звезда
[INITIALIZATION][CLIENT][INFO] Adding a Table Crafting recipe for Максимальная сингулярность
[INITIALIZATION][CLIENT][INFO] Adding a Table Crafting recipe for Максимальный слиток
[INITIALIZATION][CLIENT][INFO] [crafttweaker | SIDE_CLIENT]: Loading Script: {[0:crafttweaker]: Minecraft.zs}
[INITIALIZATION][CLIENT][INFO] [crafttweaker | SIDE_CLIENT]: Loading Script: {[0:crafttweaker]: SolarPanel.zs}
[INITIALIZATION][CLIENT][INFO] Adding a Table Crafting recipe for Солнечная панель III
[INITIALIZATION][CLIENT][INFO] Adding a Table Crafting recipe for Солнечная панель IV
[INITIALIZATION][CLIENT][INFO] Adding a Table Crafting recipe for Солнечная панель V
[INITIALIZATION][CLIENT][INFO] [crafttweaker | SIDE_CLIENT]: Loading Script: {[0:crafttweaker]: Thaumcraft.zs}
[INITIALIZATION][CLIENT][INFO] [crafttweaker | SIDE_CLIENT]: Loading Script: {[0:crafttweaker]: Torcherino.zs}
[INITIALIZATION][CLIENT][INFO] Adding a Table Crafting recipe for Double Compressed Torcherino
[INITIALIZATION][CLIENT][INFO] Adding a Table Crafting recipe for Compressed Torcherino
[INITIALIZATION][CLIENT][INFO] Completed script loading in: 223ms
[POSTINITIALIZATION][CLIENT][INFO] Removing recipes for various outputs
[POSTINITIALIZATION][CLIENT][INFO] Adding shaped recipe for Дробилка with name ct_shaped-82097503
[POSTINITIALIZATION][CLIENT][INFO] Adding shapeless recipe for Кремень with name ct_shapeless-1294630921
[POSTINITIALIZATION][CLIENT][INFO] Adding shaped recipe for Солнечная панель VI with name ct_shaped-2011937888
[POSTINITIALIZATION][CLIENT][INFO] Adding shaped recipe for Солнечная панель I with name ct_shaped-1552990418
[POSTINITIALIZATION][CLIENT][INFO] Adding shapeless recipe for Железная пластина with name ct_shapeless856516639
[AVAILABLE][CLIENT][INFO] Fixed the RecipeBook
[AVAILABLE][CLIENT][INFO] Adding infusion recipe for: 1xitem.actuallyadditions.item_wings_of_the_bats@0
[AVAILABLE][CLIENT][INFO] Adding infusion recipe for: 2xtile.solarflux:solar_panel_7@0
[AVAILABLE][CLIENT][INFO] Adding infusion recipe for: 2xtile.solarflux:solar_panel_8@0
[AVAILABLE][CLIENT][INFO] Adding shapeless recipe for ArcaneWorkbench with name: thaumcraft:hole_plate with output: <thaumcraft:plate:3>
[AVAILABLE][CLIENT][INFO] Adding shapeless recipe for ArcaneWorkbench with name: thaumcraft:thaum_plate with output: <thaumcraft:plate:2>
[AVAILABLE][CLIENT][INFO] Adding shaped recipe for ArcaneWorkbench with name: thaumcraft:solar_paner_ic2 with output: <ic2:te:8>
[AVAILABLE][CLIENT][INFO] Adding shapeless recipe for ArcaneWorkbench with name: thaumcraft:alch_plate with output: <thaumcraft:plate>
